2020-06-04 19:18:24,459 Logger Started
2020-06-04 19:19:00,632 Running job Every 1 day at 19:19:00 do run_shell() (last run: [never], next run: 2020-06-04 19:19:00)
2020-06-04 19:19:00,633 Commit Started
2020-06-04 19:19:34,330 Commit ended
2020-06-05 19:19:02,045 Running job Every 1 day at 19:19:00 do run_shell() (last run: 2020-06-04 19:19:34, next run: 2020-06-05 19:19:00)
2020-06-05 19:19:02,084 Commit Started
2020-06-05 19:19:37,925 Commit ended
d
2020-06-07 16:40:53,080 Logger Started
2020-06-07 16:45:06,650 Logger Started
2020-06-07 16:46:26,876 Logger Started
2020-06-07 19:19:01,733 Running job Every 1 day at 19:19:00 do run_shell() (last run: [never], next run: 2020-06-07 19:19:00)
2020-06-07 19:19:01,735 Commit Started
2020-06-08 23:05:24,206 Logger Started
2020-06-09 19:19:02,655 Running job Every 1 day at 19:19:00 do run_shell() (last run: [never], next run: 2020-06-09 19:19:00)
2020-06-09 19:19:02,691 Commit Started
2020-06-09 19:19:38,273 Starting new HTTPS connection (1): www.pushsafer.com:443
2020-06-09 19:19:38,906 https://www.pushsafer.com:443 "POST /api?m=Message&d=25630&i=1&s=4&v=2&t=Hello&u=https%3A%2F%2Fwww.pushsafer.com&ut=Open+Pushsafer&l=0&pr=2&re=60&ex=600&a=1&k=O96xi4uzfIGkzMG3oeDb HTTP/1.1" 200 98
2020-06-09 19:19:38,912 Commit ended
2020-06-10 22:16:00,039 Logger Started
2020-06-11 19:19:02,942 Running job Every 1 day at 19:19:00 do run_shell() (last run: [never], next run: 2020-06-11 19:19:00)
2020-06-11 19:19:02,968 Commit Started
